0 info it worked if it ends with ok
1 verbose cli [ 'node', '/usr/local/bin/npm', 'install', '-g', 'shader-school' ]
2 info using npm@1.4.28
3 info using node@v0.10.33
4 verbose cache add [ 'shader-school', null ]
5 verbose cache add name=undefined spec="shader-school" args=["shader-school",null]
6 verbose parsed url { protocol: null,
6 verbose parsed url   slashes: null,
6 verbose parsed url   auth: null,
6 verbose parsed url   host: null,
6 verbose parsed url   port: null,
6 verbose parsed url   hostname: null,
6 verbose parsed url   hash: null,
6 verbose parsed url   search: null,
6 verbose parsed url   query: null,
6 verbose parsed url   pathname: 'shader-school',
6 verbose parsed url   path: 'shader-school',
6 verbose parsed url   href: 'shader-school' }
7 silly lockFile e8dfa91f-shader-school shader-school
8 verbose lock shader-school /Users/kuanbutts/.npm/e8dfa91f-shader-school.lock
9 silly lockFile e8dfa91f-shader-school shader-school
10 silly lockFile e8dfa91f-shader-school shader-school
11 verbose addNamed [ 'shader-school', '' ]
12 verbose addNamed [ null, '*' ]
13 silly lockFile 03614f7a-shader-school shader-school@
14 verbose lock shader-school@ /Users/kuanbutts/.npm/03614f7a-shader-school.lock
15 silly addNameRange { name: 'shader-school', range: '*', hasData: false }
16 verbose request where is /shader-school
17 verbose request registry https://registry.npmjs.org/
18 verbose request id a5c598c835b5e4cc
19 verbose url raw /shader-school
20 verbose url resolving [ 'https://registry.npmjs.org/', './shader-school' ]
21 verbose url resolved https://registry.npmjs.org/shader-school
22 verbose request where is https://registry.npmjs.org/shader-school
23 info trying registry request attempt 1 at 16:18:56
24 http GET https://registry.npmjs.org/shader-school
25 http 200 https://registry.npmjs.org/shader-school
26 silly registry.get cb [ 200,
26 silly registry.get   { date: 'Tue, 02 Dec 2014 21:18:56 GMT',
26 silly registry.get     server: 'CouchDB/1.5.0 (Erlang OTP/R16B03)',
26 silly registry.get     etag: '"L145YH8WKI86TIBU5K7CB4IC"',
26 silly registry.get     'content-type': 'application/json',
26 silly registry.get     'cache-control': 'max-age=60',
26 silly registry.get     'content-length': '24448',
26 silly registry.get     'accept-ranges': 'bytes',
26 silly registry.get     via: '1.1 varnish',
26 silly registry.get     age: '0',
26 silly registry.get     'x-served-by': 'cache-jfk1032-JFK',
26 silly registry.get     'x-cache': 'MISS',
26 silly registry.get     'x-cache-hits': '0',
26 silly registry.get     'x-timer': 'S1417555135.565980,VS0,VE438',
26 silly registry.get     vary: 'Accept',
26 silly registry.get     'keep-alive': 'timeout=10, max=50',
26 silly registry.get     connection: 'Keep-Alive' } ]
27 silly addNameRange number 2 { name: 'shader-school', range: '*', hasData: true }
28 silly addNameRange versions [ 'shader-school',
28 silly addNameRange   [ '0.0.0',
28 silly addNameRange     '0.0.1',
28 silly addNameRange     '0.0.3',
28 silly addNameRange     '0.0.4',
28 silly addNameRange     '0.0.5',
28 silly addNameRange     '1.0.0',
28 silly addNameRange     '1.0.1',
28 silly addNameRange     '1.0.2' ] ]
29 verbose addNamed [ 'shader-school', '1.0.2' ]
30 verbose addNamed [ '1.0.2', '1.0.2' ]
31 silly lockFile 25bfd3f9-shader-school-1-0-2 shader-school@1.0.2
32 verbose lock shader-school@1.0.2 /Users/kuanbutts/.npm/25bfd3f9-shader-school-1-0-2.lock
33 silly lockFile 4cf590ce-r-school-shader-school-1-0-2-tgz https://registry.npmjs.org/shader-school/-/shader-school-1.0.2.tgz
34 verbose lock https://registry.npmjs.org/shader-school/-/shader-school-1.0.2.tgz /Users/kuanbutts/.npm/4cf590ce-r-school-shader-school-1-0-2-tgz.lock
35 verbose addRemoteTarball [ 'https://registry.npmjs.org/shader-school/-/shader-school-1.0.2.tgz',
35 verbose addRemoteTarball   '055feeed7dce08b692f5087b92161c1e994fb5f3' ]
36 info retry fetch attempt 1 at 16:18:56
37 verbose fetch to= /var/folders/jf/00hrzss52pqcvnkz4smvy2r40000gn/T/npm-89291-MsSAMToh/registry.npmjs.org/shader-school/-/shader-school-1.0.2.tgz
38 http GET https://registry.npmjs.org/shader-school/-/shader-school-1.0.2.tgz
39 http 200 https://registry.npmjs.org/shader-school/-/shader-school-1.0.2.tgz
40 silly lockFile 4cf590ce-r-school-shader-school-1-0-2-tgz https://registry.npmjs.org/shader-school/-/shader-school-1.0.2.tgz
41 silly lockFile 4cf590ce-r-school-shader-school-1-0-2-tgz https://registry.npmjs.org/shader-school/-/shader-school-1.0.2.tgz
42 silly lockFile 25bfd3f9-shader-school-1-0-2 shader-school@1.0.2
43 silly lockFile 25bfd3f9-shader-school-1-0-2 shader-school@1.0.2
44 silly lockFile 03614f7a-shader-school shader-school@
45 silly lockFile 03614f7a-shader-school shader-school@
46 silly resolved [ { name: 'shader-school',
46 silly resolved     version: '1.0.2',
46 silly resolved     description: 'Self directed GLSL lessons',
46 silly resolved     main: 'index.js',
46 silly resolved     bin: { 'shader-school': 'index.js' },
46 silly resolved     scripts:
46 silly resolved      { pack: 'rm -rf answers; rm -rf node_modules && npm install && npm dedupe && node prepack && find . -type file | grep -v workshop.tar.gz | grep -v .git | tar -cvzf ./workshop.tar.gz -T - && node postpack',
46 silly resolved        test: 'echo "Error: no test specified" && exit 1',
46 silly resolved        start: 'mkdir answers; cd answers && NODE_ENV=development node ..' },
46 silly resolved     authors:
46 silly resolved      [ 'Hugh Kennedy <hughskennedy@gmail.com> (http://hughsk.io/)',
46 silly resolved        'Mikola Lysenko <mikolalysenko@gmail.com> (http://0fps.net)',
46 silly resolved        'Chris Dickinson <chris@neversaw.us> (http://neversaw.us)' ],
46 silly resolved     homepage: 'http://nodeschool.io/#shader-school',
46 silly resolved     repository:
46 silly resolved      { type: 'git',
46 silly resolved        url: 'https://github.com/stackgl/shader-school.git' },
46 silly resolved     license: 'ISC',
46 silly resolved     dependencies:
46 silly resolved      { 'a-big-triangle': '0.0.0',
46 silly resolved        apprise: '^1.0.0',
46 silly resolved        autoprefixer: '^1.2.0',
46 silly resolved        'baboon-image': '^1.0.0',
46 silly resolved        beefy: '^2.0.2',
46 silly resolved        brfs: '^1.1.1',
46 silly resolved        'browser-menu': '^0.1.0',
46 silly resolved        browserify: '^4.1.10',
46 silly resolved        'canvas-fit': '0.0.0',
46 silly resolved        chalk: '^0.4.0',
46 silly resolved        clamp: '^1.0.0',
46 silly resolved        'conway-hart': '^0.1.0',
46 silly resolved        domify: '^1.2.2',
46 silly resolved        ecstatic: '^0.5.3',
46 silly resolved        envify: '^1.2.1',
46 silly resolved        'findup-element': '0.0.0',
46 silly resolved        'frame-debounce': '0.0.0',
46 silly resolved        'gl-axes': '^2.2.3',
46 silly resolved        'gl-buffer': '^2.0.8',
46 silly resolved        'gl-compare': '^1.0.0',
46 silly resolved        'gl-compare-sidebar': '^1.1.1',
46 silly resolved        'gl-context': '^0.1.0',
46 silly resolved        'gl-fbo': '^1.1.2',
46 silly resolved        'gl-fbo-matching': '^1.0.0',
46 silly resolved        'gl-matrix': '^2.1.0',
46 silly resolved        'gl-texture2d': '^1.2.0',
46 silly resolved        'gl-vao': '^1.1.3',
46 silly resolved        glsldoc: '0.0.4',
46 silly resolved        glslify: '^1.5.0',
46 silly resolved        'glslify-live': '^2.0.3',
46 silly resolved        'google-fonts': '0.0.0',
46 silly resolved        'highlight.js': '^8.0.0',
46 silly resolved        inquirer: '^0.5.1',
46 silly resolved        'insert-css': '^0.1.1',
46 silly resolved        marked: '^0.3.2',
46 silly resolved        'memoize-sync': '0.0.2',
46 silly resolved        'mesh-normals': '^1.0.0',
46 silly resolved        mkdirp: '^0.5.0',
46 silly resolved        'mouse-position': '^1.0.0',
46 silly resolved        'mouse-pressed': '0.0.1',
46 silly resolved        ndarray: '^1.0.15',
46 silly resolved        'ndarray-distance': '0.0.0',
46 silly resolved        opener: '^1.3.0',
46 silly resolved        quotemeta: '0.0.0',
46 silly resolved        raf: '^2.0.1',
46 silly resolved        'remove-element': '0.0.0',
46 silly resolved        rework: '^0.20.3',
46 silly resolved        'rework-inline': '^0.2.0',
46 silly resolved        'rework-npm': '^0.6.1',
46 silly resolved        'right-now': '^1.0.0',
46 silly resolved        sidenote: '^1.0.0',
46 silly resolved        sliced: '0.0.5',
46 silly resolved        'stanford-dragon': '^1.0.0',
46 silly resolved        wordwrap: '0.0.2',
46 silly resolved        xhr: '^1.9.0',
46 silly resolved        zfill: '0.0.2' },
46 silly resolved     gitHead: '573326fc47d83a3b19493aea9dcd0a13c21015ca',
46 silly resolved     bugs: { url: 'https://github.com/stackgl/shader-school/issues' },
46 silly resolved     _id: 'shader-school@1.0.2',
46 silly resolved     _shasum: '055feeed7dce08b692f5087b92161c1e994fb5f3',
46 silly resolved     _from: 'shader-school@',
46 silly resolved     _npmVersion: '2.0.2',
46 silly resolved     _nodeVersion: '0.10.28',
46 silly resolved     _npmUser: { name: 'hughsk', email: 'hughskennedy@gmail.com' },
46 silly resolved     maintainers: [ [Object], [Object], [Object] ],
46 silly resolved     dist:
46 silly resolved      { shasum: '055feeed7dce08b692f5087b92161c1e994fb5f3',
46 silly resolved        tarball: 'http://registry.npmjs.org/shader-school/-/shader-school-1.0.2.tgz' },
46 silly resolved     directories: {},
46 silly resolved     _resolved: 'https://registry.npmjs.org/shader-school/-/shader-school-1.0.2.tgz' } ]
47 info install shader-school@1.0.2 into /usr/local/lib
48 info installOne shader-school@1.0.2
49 verbose lib/node_modules/shader-school unbuild
50 verbose tar unpack /Users/kuanbutts/.npm/shader-school/1.0.2/package.tgz
51 silly lockFile 68d7d30b-l-lib-node-modules-shader-school tar:///usr/local/lib/node_modules/shader-school
52 verbose lock tar:///usr/local/lib/node_modules/shader-school /Users/kuanbutts/.npm/68d7d30b-l-lib-node-modules-shader-school.lock
53 silly lockFile 7d2aca35--shader-school-1-0-2-package-tgz tar:///Users/kuanbutts/.npm/shader-school/1.0.2/package.tgz
54 verbose lock tar:///Users/kuanbutts/.npm/shader-school/1.0.2/package.tgz /Users/kuanbutts/.npm/7d2aca35--shader-school-1-0-2-package-tgz.lock
55 silly gunzTarPerm modes [ '755', '644' ]
56 error Error: EACCES, mkdir '/usr/local/lib/node_modules/shader-school'
56 error  { [Error: EACCES, mkdir '/usr/local/lib/node_modules/shader-school']
56 error   errno: 3,
56 error   code: 'EACCES',
56 error   path: '/usr/local/lib/node_modules/shader-school',
56 error   fstream_type: 'Directory',
56 error   fstream_path: '/usr/local/lib/node_modules/shader-school',
56 error   fstream_class: 'DirWriter',
56 error   fstream_stack:
56 error    [ '/usr/local/lib/node_modules/npm/node_modules/fstream/lib/dir-writer.js:36:23',
56 error      '/usr/local/lib/node_modules/npm/node_modules/mkdirp/index.js:46:53',
56 error      'Object.oncomplete (fs.js:107:15)' ] }
57 error Please try running this command again as root/Administrator.
58 error System Darwin 14.0.0
59 error command "node" "/usr/local/bin/npm" "install" "-g" "shader-school"
60 error cwd /Users/kuanbutts/Documents/Post-MIT/Fall2014/Personal Website/kuanb.github.io
61 error node -v v0.10.33
62 error npm -v 1.4.28
63 error path /usr/local/lib/node_modules/shader-school
64 error fstream_path /usr/local/lib/node_modules/shader-school
65 error fstream_type Directory
66 error fstream_class DirWriter
67 error code EACCES
68 error errno 3
69 error stack Error: EACCES, mkdir '/usr/local/lib/node_modules/shader-school'
70 error fstream_stack /usr/local/lib/node_modules/npm/node_modules/fstream/lib/dir-writer.js:36:23
70 error fstream_stack /usr/local/lib/node_modules/npm/node_modules/mkdirp/index.js:46:53
70 error fstream_stack Object.oncomplete (fs.js:107:15)
71 verbose exit [ 3, true ]
